<?xml version="1.0" encoding="UTF-8"?>
<testsuite xmlns:xsi="http://www.w3.org/2001/XMLSchema-instance" xsi:noNamespaceSchemaLocation="https://maven.apache.org/surefire/maven-surefire-plugin/xsd/surefire-test-report.xsd" name="com.example.springapp.SpringappApplicationTests" time="4.705" tests="24" errors="0" skipped="0" failures="24">
  <properties>
[...]
</properties>
  <testcase name="testTreeModelHasTreeLifetimeField" classname="com.example.springapp.SpringappApplicationTests" time="0.231">
    <failure message="Field treeLifetime in class com.example.springapp.model.Tree does not exist." type="org.opentest4j.AssertionFailedError">org.opentest4j.AssertionFailedError: Field treeLifetime in class com.example.springapp.model.Tree does not exist.
	at com.example.springapp.SpringappApplicationTests.checkFieldExists(SpringappApplicationTests.java:204)
	at com.example.springapp.SpringappApplicationTests.testTreeModelHasTreeLifetimeField(SpringappApplicationTests.java:138)
</failure>
    <system-out><![CDATA[12:12:50.760 [main] DEBUG org.springframework.test.context.BootstrapUtils - Instantiating CacheAwareContextLoaderDelegate from class [org.springframework.test.context.cache.DefaultCacheAwareContextLoaderDelegate]
12:12:50.773 [main] DEBUG org.springframework.test.context.BootstrapUtils - Instantiating BootstrapContext using constructor [public org.springframework.test.context.support.DefaultBootstrapContext(java.lang.Class,org.springframework.test.context.CacheAwareContextLoaderDelegate)]
12:12:50.807 [main] DEBUG org.springframework.test.context.BootstrapUtils - Instantiating TestContextBootstrapper for test class [com.example.springapp.SpringappApplicationTests] from class [org.springframework.boot.test.context.SpringBootTestContextBootstrapper]
12:12:50.818 [main] INFO org.springframework.boot.test.context.SpringBootTestContextBootstrapper - Neither @ContextConfiguration nor @ContextHierarchy found for test class [com.example.springapp.SpringappApplicationTests], using SpringBootContextLoader
12:12:50.820 [main] DEBUG org.springframework.test.context.support.AbstractContextLoader - Did not detect default resource location for test class [com.example.springapp.SpringappApplicationTests]: class path resource [com/example/springapp/SpringappApplicationTests-context.xml] does not exist
12:12:50.821 [main] DEBUG org.springframework.test.context.support.AbstractContextLoader - Did not detect default resource location for test class [com.example.springapp.SpringappApplicationTests]: class path resource [com/example/springapp/SpringappApplicationTestsContext.groovy] does not exist
12:12:50.821 [main] INFO org.springframework.test.context.support.AbstractContextLoader - Could not detect default resource locations for test class [com.example.springapp.SpringappApplicationTests]: no resource found for suffixes {-context.xml, Context.groovy}.
12:12:50.880 [main] DEBUG org.springframework.test.context.support.ActiveProfilesUtils - Could not find an 'annotation declaring class' for annotation type [org.springframework.test.context.ActiveProfiles] and class [com.example.springapp.SpringappApplicationTests]
12:12:51.006 [main] DEBUG org.springframework.boot.test.context.SpringBootTestContextBootstrapper - @TestExecutionListeners is not present for class [com.example.springapp.SpringappApplicationTests]: using defaults.
12:12:51.007 [main] INFO org.springframework.boot.test.context.SpringBootTestContextBootstrapper - Loaded default TestExecutionListener class names from location [META-INF/spring.factories]: [org.springframework.boot.test.mock.mockito.MockitoTestExecutionListener, org.springframework.boot.test.mock.mockito.ResetMocksTestExecutionListener, org.springframework.boot.test.autoconfigure.restdocs.RestDocsTestExecutionListener, org.springframework.boot.test.autoconfigure.web.client.MockRestServiceServerResetTestExecutionListener, org.springframework.boot.test.autoconfigure.web.servlet.MockMvcPrintOnlyOnFailureTestExecutionListener, org.springframework.boot.test.autoconfigure.web.servlet.WebDriverTestExecutionListener, org.springframework.boot.test.autoconfigure.webservices.client.MockWebServiceServerTestExecutionListener, org.springframework.test.context.web.ServletTestExecutionListener, org.springframework.test.context.support.DirtiesContextBeforeModesTestExecutionListener, org.springframework.test.context.event.ApplicationEventsTestExecutionListener, org.springframework.test.context.support.DependencyInjectionTestExecutionListener, org.springframework.test.context.support.DirtiesContextTestExecutionListener, org.springframework.test.context.transaction.TransactionalTestExecutionListener, org.springframework.test.context.jdbc.SqlScriptsTestExecutionListener, org.springframework.test.context.event.EventPublishingTestExecutionListener]
12:12:51.033 [main] INFO org.springframework.boot.test.context.SpringBootTestContextBootstrapper - Using TestExecutionListeners: [org.springframework.test.context.web.ServletTestExecutionListener@4b9df8a, org.springframework.test.context.support.DirtiesContextBeforeModesTestExecutionListener@5e8ac0e1, org.springframework.test.context.event.ApplicationEventsTestExecutionListener@aafcffa, org.springframework.boot.test.mock.mockito.MockitoTestExecutionListener@6955cb39, org.springframework.boot.test.autoconfigure.SpringBootDependencyInjectionTestExecutionListener@235a0c16, org.springframework.test.context.support.DirtiesContextTestExecutionListener@2b5f4d54, org.springframework.test.context.transaction.TransactionalTestExecutionListener@5f7b97da, org.springframework.test.context.jdbc.SqlScriptsTestExecutionListener@18b0930f, org.springframework.test.context.event.EventPublishingTestExecutionListener@6b7906b3, org.springframework.boot.test.mock.mockito.ResetMocksTestExecutionListener@3a1dd365, org.springframework.boot.test.autoconfigure.restdocs.RestDocsTestExecutionListener@395b56bb, org.springframework.boot.test.autoconfigure.web.client.MockRestServiceServerResetTestExecutionListener@256f8274, org.springframework.boot.test.autoconfigure.web.servlet.MockMvcPrintOnlyOnFailureTestExecutionListener@68044f4, org.springframework.boot.test.autoconfigure.web.servlet.WebDriverTestExecutionListener@52d239ba, org.springframework.boot.test.autoconfigure.webservices.client.MockWebServiceServerTestExecutionListener@315f43d5]
12:12:51.036 [main] DEBUG org.springframework.test.context.support.AbstractDirtiesContextTestExecutionListener - Before test class: context [DefaultTestContext@1af687fe testClass = SpringappApplicationTests, testInstance = [null], testMethod = [null], testException = [null], mergedContextConfiguration = [WebMergedContextConfiguration@14dda234 testClass = SpringappApplicationTests, locations = '{}', classes = '{class com.example.springapp.SpringappApplication}', contextInitializerClasses = '[]', activeProfiles = '{}', propertySourceLocations = '{}', propertySourceProperties = '{org.springframework.boot.test.context.SpringBootTestContextBootstrapper=true}', contextCustomizers = set[[ImportsContextCustomizer@3f390d63 key = [org.springframework.boot.test.autoconfigure.web.servlet.MockMvcAutoConfiguration, org.springframework.boot.test.autoconfigure.web.servlet.MockMvcWebClientAutoConfiguration, org.springframework.boot.test.autoconfigure.web.servlet.MockMvcWebDriverAutoConfiguration, org.springframework.boot.autoconfigure.security.oauth2.client.servlet.OAuth2ClientAutoConfiguration, org.springframework.boot.autoconfigure.security.oauth2.resource.servlet.OAuth2ResourceServerAutoConfiguration, org.springframework.boot.autoconfigure.security.servlet.SecurityAutoConfiguration, org.springframework.boot.autoconfigure.security.servlet.SecurityFilterAutoConfiguration, org.springframework.boot.autoconfigure.security.servlet.UserDetailsServiceAutoConfiguration, org.springframework.boot.test.autoconfigure.web.servlet.MockMvcSecurityConfiguration, org.springframework.boot.test.autoconfigure.web.reactive.WebTestClientAutoConfiguration]], org.springframework.boot.test.context.filter.ExcludeFilterContextCustomizer@30c8681, org.springframework.boot.test.json.DuplicateJsonObjectContextCustomizerFactory$DuplicateJsonObjectContextCustomizer@35399441, org.springframework.boot.test.mock.mockito.MockitoContextCustomizer@0, org.springframework.boot.test.web.client.TestRestTemplateContextCustomizer@3406472c, org.springframework.boot.test.autoconfigure.actuate.metrics.MetricsExportContextCustomizerFactory$DisableMetricExportContextCustomizer@5b7a8434, org.springframework.boot.test.autoconfigure.properties.PropertyMappingContextCustomizer@4b3fa0b3, org.springframework.boot.test.autoconfigure.web.servlet.WebDriverContextCustomizerFactory$Customizer@9573584, org.springframework.boot.test.context.SpringBootTestArgs@1, org.springframework.boot.test.context.SpringBootTestWebEnvironment@22a637e7], resourceBasePath = 'src/main/webapp', contextLoader = 'org.springframework.boot.test.context.SpringBootContextLoader', parent = [null]], attributes = map['org.springframework.test.context.web.ServletTestExecutionListener.activateListener' -> true]], class annotated with @DirtiesContext [false] with mode [null].

  .   ____          _            __ _ _
 /\\ / ___'_ __ _ _(_)_ __  __ _ \ \ \ \
( ( )\___ | '_ | '_| | '_ \/ _` | \ \ \ \
 \\/  ___)| |_)| | | | | || (_| |  ) ) ) )
  '  |____| .__|_| |_|_| |_\__, | / / / /
 =========|_|==============|___/=/_/_/_/
 :: Spring Boot ::                (v2.7.8)

2023-09-29 12:12:51.471  INFO 573 --- [           main] c.e.springapp.SpringappApplicationTests  : Starting SpringappApplicationTests using Java 11.0.19 on aefeeaabbbebbaaeaab305589875faadadefbedddone-0 with PID 573 (started by coder in /home/coder/project/workspace/springapp)
2023-09-29 12:12:51.473  INFO 573 --- [           main] c.e.springapp.SpringappApplicationTests  : No active profile set, falling back to 1 default profile: "default"
2023-09-29 12:12:52.465  INFO 573 --- [           main] .s.d.r.c.RepositoryConfigurationDelegate : Bootstrapping Spring Data JPA repositories in DEFAULT mode.
2023-09-29 12:12:52.479  INFO 573 --- [           main] .s.d.r.c.RepositoryConfigurationDelegate : Finished Spring Data repository scanning in 5 ms. Found 0 JPA repository interfaces.
2023-09-29 12:12:53.099  INFO 573 --- [           main] o.hibernate.jpa.internal.util.LogHelper  : HHH000204: Processing PersistenceUnitInfo [name: default]
2023-09-29 12:12:53.165  INFO 573 --- [           main] org.hibernate.Version                    : HHH000412: Hibernate ORM core version 5.6.14.Final
2023-09-29 12:12:53.354  INFO 573 --- [           main] o.hibernate.annotations.common.Version   : HCANN000001: Hibernate Commons Annotations {5.1.2.Final}
2023-09-29 12:12:53.484  INFO 573 --- [           main] com.zaxxer.hikari.HikariDataSource       : HikariPool-1 - Starting...
2023-09-29 12:12:53.681  INFO 573 --- [           main] com.zaxxer.hikari.HikariDataSource       : HikariPool-1 - Start completed.
2023-09-29 12:12:53.697  INFO 573 --- [           main] org.hibernate.dialect.Dialect            : HHH000400: Using dialect: org.hibernate.dialect.MySQL8Dialect
2023-09-29 12:12:53.958  INFO 573 --- [           main] o.h.e.t.j.p.i.JtaPlatformInitiator       : HHH000490: Using JtaPlatform implementation: [org.hibernate.engine.transaction.jta.platform.internal.NoJtaPlatform]
2023-09-29 12:12:53.967  INFO 573 --- [           main] j.LocalContainerEntityManagerFactoryBean : Initialized JPA EntityManagerFactory for persistence unit 'default'
2023-09-29 12:12:54.178  WARN 573 --- [           main] JpaBaseConfiguration$JpaWebConfiguration : spring.jpa.open-in-view is enabled by default. Therefore, database queries may be performed during view rendering. Explicitly configure spring.jpa.open-in-view to disable this warning
2023-09-29 12:12:54.880  INFO 573 --- [           main] o.s.b.t.m.w.SpringBootMockServletContext : Initializing Spring TestDispatcherServlet ''
2023-09-29 12:12:54.880  INFO 573 --- [           main] o.s.t.web.servlet.TestDispatcherServlet  : Initializing Servlet ''
2023-09-29 12:12:54.881  INFO 573 --- [           main] o.s.t.web.servlet.TestDispatcherServlet  : Completed initialization in 0 ms
2023-09-29 12:12:54.899  INFO 573 --- [           main] c.e.springapp.SpringappApplicationTests  : Started SpringappApplicationTests in 3.82 seconds (JVM running for 4.887)
]]></system-out>
  </testcase>
  <testcase name="testTreeControllerHasPostMappingAnnotation" classname="com.example.springapp.SpringappApplicationTests" time="0.003">
    <failure message="Class com.example.springapp.controller.TreeController or annotation org.springframework.web.bind.annotation.PostMapping does not exist." type="org.opentest4j.AssertionFailedError">org.opentest4j.AssertionFailedError: Class com.example.springapp.controller.TreeController or annotation org.springframework.web.bind.annotation.PostMapping does not exist.
	at com.example.springapp.SpringappApplicationTests.checkAnnotationExists(SpringappApplicationTests.java:224)
	at com.example.springapp.SpringappApplicationTests.testTreeControllerHasPostMappingAnnotation(SpringappApplicationTests.java:158)
</failure>
  </testcase>
  <testcase name="testTreeRepoExtendsJpaRepository" classname="com.example.springapp.SpringappApplicationTests" time="0.003">
    <failure message="Class com.example.springapp.repository.TreeRepo or interface org.springframework.data.jpa.repository.JpaRepository does not exist." type="org.opentest4j.AssertionFailedError">org.opentest4j.AssertionFailedError: Class com.example.springapp.repository.TreeRepo or interface org.springframework.data.jpa.repository.JpaRepository does not exist.
	at com.example.springapp.SpringappApplicationTests.checkClassImplementsInterface(SpringappApplicationTests.java:214)
	at com.example.springapp.SpringappApplicationTests.testTreeRepoExtendsJpaRepository(SpringappApplicationTests.java:143)
</failure>
  </testcase>
  <testcase name="testTreeModelHasUsedForField" classname="com.example.springapp.SpringappApplicationTests" time="0.003">
    <failure message="Field usedfor in class com.example.springapp.model.Tree does not exist." type="org.opentest4j.AssertionFailedError">org.opentest4j.AssertionFailedError: Field usedfor in class com.example.springapp.model.Tree does not exist.
	at com.example.springapp.SpringappApplicationTests.checkFieldExists(SpringappApplicationTests.java:204)
	at com.example.springapp.SpringappApplicationTests.testTreeModelHasUsedForField(SpringappApplicationTests.java:133)
</failure>
  </testcase>
  <testcase name="testTreeModelHasEntityAnnotation" classname="com.example.springapp.SpringappApplicationTests" time="0.002">
    <failure message="Class com.example.springapp.model.Tree or annotation javax.persistence.Entity does not exist." type="org.opentest4j.AssertionFailedError">org.opentest4j.AssertionFailedError: Class com.example.springapp.model.Tree or annotation javax.persistence.Entity does not exist.
	at com.example.springapp.SpringappApplicationTests.checkAnnotationExists(SpringappApplicationTests.java:224)
	at com.example.springapp.SpringappApplicationTests.testTreeModelHasEntityAnnotation(SpringappApplicationTests.java:173)
</failure>
  </testcase>
  <testcase name="testGetAllTrees" classname="com.example.springapp.SpringappApplicationTests" time="0.13">
    <failure message="Status expected:&lt;200&gt; but was:&lt;404&gt;" type="java.lang.AssertionError"><![CDATA[java.lang.AssertionError: Status expected:<200> but was:<404>
	at com.example.springapp.SpringappApplicationTests.testGetAllTrees(SpringappApplicationTests.java:76)
]]></failure>
    <system-out><![CDATA[
MockHttpServletRequest:
      HTTP Method = GET
      Request URI = /
       Parameters = {}
          Headers = [Accept:"application/json"]
             Body = null
    Session Attrs = {}

Handler:
             Type = org.springframework.web.servlet.resource.ResourceHttpRequestHandler

Async:
    Async started = false
     Async result = null

Resolved Exception:
             Type = null

ModelAndView:
        View name = null
             View = null
            Model = null

FlashMap:
       Attributes = null

MockHttpServletResponse:
           Status = 404
    Error message = null
          Headers = [Vary:"Origin", "Access-Control-Request-Method", "Access-Control-Request-Headers"]
     Content type = null
             Body = 
    Forwarded URL = null
   Redirected URL = null
          Cookies = []

MockHttpServletRequest:
      HTTP Method = GET
      Request URI = /
       Parameters = {}
          Headers = [Accept:"application/json"]
             Body = null
    Session Attrs = {}

Handler:
             Type = org.springframework.web.servlet.resource.ResourceHttpRequestHandler

Async:
    Async started = false
     Async result = null

Resolved Exception:
             Type = null

ModelAndView:
        View name = null
             View = null
            Model = null

FlashMap:
       Attributes = null

MockHttpServletResponse:
           Status = 404
    Error message = null
          Headers = [Vary:"Origin", "Access-Control-Request-Method", "Access-Control-Request-Headers"]
     Content type = null
             Body = 
    Forwarded URL = null
   Redirected URL = null
          Cookies = []
]]></system-out>
  </testcase>
  <testcase name="testUpdateTree" classname="com.example.springapp.SpringappApplicationTests" time="0.005">
    <failure message="Status expected:&lt;200&gt; but was:&lt;404&gt;" type="java.lang.AssertionError"><![CDATA[java.lang.AssertionError: Status expected:<200> but was:<404>
	at com.example.springapp.SpringappApplicationTests.testUpdateTree(SpringappApplicationTests.java:65)
]]></failure>
    <system-out><![CDATA[
MockHttpServletRequest:
      HTTP Method = PUT
      Request URI = /1000
       Parameters = {}
          Headers = [Content-Type:"application/json;charset=UTF-8", Accept:"application/json", Content-Length:"81"]
             Body = {"treeId": 1000,"treeName": "Demo", "usedfor": "coconut","treeLifetime": "25yrs"}
    Session Attrs = {}

Handler:
             Type = org.springframework.web.servlet.resource.ResourceHttpRequestHandler

Async:
    Async started = false
     Async result = null

Resolved Exception:
             Type = null

ModelAndView:
        View name = null
             View = null
            Model = null

FlashMap:
       Attributes = null

MockHttpServletResponse:
           Status = 404
    Error message = null
          Headers = [Vary:"Origin", "Access-Control-Request-Method", "Access-Control-Request-Headers"]
     Content type = null
             Body = 
    Forwarded URL = null
   Redirected URL = null
          Cookies = []
]]></system-out>
  </testcase>
  <testcase name="testGetOneTree" classname="com.example.springapp.SpringappApplicationTests" time="0.005">
    <failure message="Status expected:&lt;200&gt; but was:&lt;404&gt;" type="java.lang.AssertionError"><![CDATA[java.lang.AssertionError: Status expected:<200> but was:<404>
	at com.example.springapp.SpringappApplicationTests.testGetOneTree(SpringappApplicationTests.java:52)
]]></failure>
    <system-out><![CDATA[
MockHttpServletRequest:
      HTTP Method = GET
      Request URI = /1000
       Parameters = {}
          Headers = [Accept:"application/json"]
             Body = null
    Session Attrs = {}

Handler:
             Type = org.springframework.web.servlet.resource.ResourceHttpRequestHandler

Async:
    Async started = false
     Async result = null

Resolved Exception:
             Type = null

ModelAndView:
        View name = null
             View = null
            Model = null

FlashMap:
       Attributes = null

MockHttpServletResponse:
           Status = 404
    Error message = null
          Headers = [Vary:"Origin", "Access-Control-Request-Method", "Access-Control-Request-Headers"]
     Content type = null
             Body = 
    Forwarded URL = null
   Redirected URL = null
          Cookies = []

MockHttpServletRequest:
      HTTP Method = GET
      Request URI = /1000
       Parameters = {}
          Headers = [Accept:"application/json"]
             Body = null
    Session Attrs = {}

Handler:
             Type = org.springframework.web.servlet.resource.ResourceHttpRequestHandler

Async:
    Async started = false
     Async result = null

Resolved Exception:
             Type = null

ModelAndView:
        View name = null
             View = null
            Model = null

FlashMap:
       Attributes = null

MockHttpServletResponse:
           Status = 404
    Error message = null
          Headers = [Vary:"Origin", "Access-Control-Request-Method", "Access-Control-Request-Headers"]
     Content type = null
             Body = 
    Forwarded URL = null
   Redirected URL = null
          Cookies = []
]]></system-out>
  </testcase>
  <testcase name="testTreeControllerHasPutMappingAnnotation" classname="com.example.springapp.SpringappApplicationTests" time="0.002">
    <failure message="Class com.example.springapp.controller.TreeController or annotation org.springframework.web.bind.annotation.PutMapping does not exist." type="org.opentest4j.AssertionFailedError">org.opentest4j.AssertionFailedError: Class com.example.springapp.controller.TreeController or annotation org.springframework.web.bind.annotation.PutMapping does not exist.
	at com.example.springapp.SpringappApplicationTests.checkAnnotationExists(SpringappApplicationTests.java:224)
	at com.example.springapp.SpringappApplicationTests.testTreeControllerHasPutMappingAnnotation(SpringappApplicationTests.java:163)
</failure>
  </testcase>
  <testcase name="testTreeControllerHasGetMappingAnnotation" classname="com.example.springapp.SpringappApplicationTests" time="0.002">
    <failure message="Class com.example.springapp.controller.TreeController or annotation org.springframework.web.bind.annotation.GetMapping does not exist." type="org.opentest4j.AssertionFailedError">org.opentest4j.AssertionFailedError: Class com.example.springapp.controller.TreeController or annotation org.springframework.web.bind.annotation.GetMapping does not exist.
	at com.example.springapp.SpringappApplicationTests.checkAnnotationExists(SpringappApplicationTests.java:224)
	at com.example.springapp.SpringappApplicationTests.testTreeControllerHasGetMappingAnnotation(SpringappApplicationTests.java:153)
</failure>
  </testcase>
  <testcase name="testTreeRepoClassExists" classname="com.example.springapp.SpringappApplicationTests" time="0.027">
    <failure message="Class com.example.springapp.repository.TreeRepo does not exist." type="org.opentest4j.AssertionFailedError">org.opentest4j.AssertionFailedError: Class com.example.springapp.repository.TreeRepo does not exist.
	at com.example.springapp.SpringappApplicationTests.checkClassExists(SpringappApplicationTests.java:195)
	at com.example.springapp.SpringappApplicationTests.testTreeRepoClassExists(SpringappApplicationTests.java:103)
</failure>
  </testcase>
  <testcase name="testApiServiceHasAutowiredField" classname="com.example.springapp.SpringappApplicationTests" time="0.002">
    <failure message="Field treeRepo in class com.example.springapp.service.ApiService does not exist." type="org.opentest4j.AssertionFailedError">org.opentest4j.AssertionFailedError: Field treeRepo in class com.example.springapp.service.ApiService does not exist.
	at com.example.springapp.SpringappApplicationTests.checkFieldExists(SpringappApplicationTests.java:204)
	at com.example.springapp.SpringappApplicationTests.testApiServiceHasAutowiredField(SpringappApplicationTests.java:148)
</failure>
  </testcase>
  <testcase name="testTreeModelHasTreeNameField" classname="com.example.springapp.SpringappApplicationTests" time="0.002">
    <failure message="Field treeName in class com.example.springapp.model.Tree does not exist." type="org.opentest4j.AssertionFailedError">org.opentest4j.AssertionFailedError: Field treeName in class com.example.springapp.model.Tree does not exist.
	at com.example.springapp.SpringappApplicationTests.checkFieldExists(SpringappApplicationTests.java:204)
	at com.example.springapp.SpringappApplicationTests.testTreeModelHasTreeNameField(SpringappApplicationTests.java:128)
</failure>
  </testcase>
  <testcase name="testApiServiceClassExists" classname="com.example.springapp.SpringappApplicationTests" time="0.002">
    <failure message="Class com.example.springapp.service.ApiService does not exist." type="org.opentest4j.AssertionFailedError">org.opentest4j.AssertionFailedError: Class com.example.springapp.service.ApiService does not exist.
	at com.example.springapp.SpringappApplicationTests.checkClassExists(SpringappApplicationTests.java:195)
	at com.example.springapp.SpringappApplicationTests.testApiServiceClassExists(SpringappApplicationTests.java:108)
</failure>
  </testcase>
  <testcase name="testTreeControllerClassExists" classname="com.example.springapp.SpringappApplicationTests" time="0.002">
    <failure message="Class com.example.springapp.controller.TreeController does not exist." type="org.opentest4j.AssertionFailedError">org.opentest4j.AssertionFailedError: Class com.example.springapp.controller.TreeController does not exist.
	at com.example.springapp.SpringappApplicationTests.checkClassExists(SpringappApplicationTests.java:195)
	at com.example.springapp.SpringappApplicationTests.testTreeControllerClassExists(SpringappApplicationTests.java:98)
</failure>
  </testcase>
  <testcase name="testTreeModelClassExists" classname="com.example.springapp.SpringappApplicationTests" time="0.002">
    <failure message="Class com.example.springapp.model.Tree does not exist." type="org.opentest4j.AssertionFailedError">org.opentest4j.AssertionFailedError: Class com.example.springapp.model.Tree does not exist.
	at com.example.springapp.SpringappApplicationTests.checkClassExists(SpringappApplicationTests.java:195)
	at com.example.springapp.SpringappApplicationTests.testTreeModelClassExists(SpringappApplicationTests.java:113)
</failure>
  </testcase>
  <testcase name="testApiServiceHasServiceAnnotation" classname="com.example.springapp.SpringappApplicationTests" time="0.002">
    <failure message="Class com.example.springapp.service.ApiService or annotation org.springframework.stereotype.Service does not exist." type="org.opentest4j.AssertionFailedError">org.opentest4j.AssertionFailedError: Class com.example.springapp.service.ApiService or annotation org.springframework.stereotype.Service does not exist.
	at com.example.springapp.SpringappApplicationTests.checkAnnotationExists(SpringappApplicationTests.java:224)
	at com.example.springapp.SpringappApplicationTests.testApiServiceHasServiceAnnotation(SpringappApplicationTests.java:188)
</failure>
  </testcase>
  <testcase name="testDeleteTree" classname="com.example.springapp.SpringappApplicationTests" time="0.005">
    <failure message="Status expected:&lt;200&gt; but was:&lt;404&gt;" type="java.lang.AssertionError"><![CDATA[java.lang.AssertionError: Status expected:<200> but was:<404>
	at com.example.springapp.SpringappApplicationTests.testDeleteTree(SpringappApplicationTests.java:87)
]]></failure>
    <system-out><![CDATA[
MockHttpServletRequest:
      HTTP Method = DELETE
      Request URI = /1000
       Parameters = {}
          Headers = [Accept:"application/json"]
             Body = null
    Session Attrs = {}

Handler:
             Type = org.springframework.web.servlet.resource.ResourceHttpRequestHandler

Async:
    Async started = false
     Async result = null

Resolved Exception:
             Type = null

ModelAndView:
        View name = null
             View = null
            Model = null

FlashMap:
       Attributes = null

MockHttpServletResponse:
           Status = 404
    Error message = null
          Headers = [Vary:"Origin", "Access-Control-Request-Method", "Access-Control-Request-Headers"]
     Content type = null
             Body = 
    Forwarded URL = null
   Redirected URL = null
          Cookies = []

MockHttpServletRequest:
      HTTP Method = DELETE
      Request URI = /1000
       Parameters = {}
          Headers = [Accept:"application/json"]
             Body = null
    Session Attrs = {}

Handler:
             Type = org.springframework.web.servlet.resource.ResourceHttpRequestHandler

Async:
    Async started = false
     Async result = null

Resolved Exception:
             Type = null

ModelAndView:
        View name = null
             View = null
            Model = null

FlashMap:
       Attributes = null

MockHttpServletResponse:
           Status = 404
    Error message = null
          Headers = [Vary:"Origin", "Access-Control-Request-Method", "Access-Control-Request-Headers"]
     Content type = null
             Body = 
    Forwarded URL = null
   Redirected URL = null
          Cookies = []
]]></system-out>
  </testcase>
  <testcase name="testTreeRepoHasRepositoryAnnotation" classname="com.example.springapp.SpringappApplicationTests" time="0.001">
    <failure message="Class com.example.springapp.repository.TreeRepo or annotation org.springframework.stereotype.Repository does not exist." type="org.opentest4j.AssertionFailedError">org.opentest4j.AssertionFailedError: Class com.example.springapp.repository.TreeRepo or annotation org.springframework.stereotype.Repository does not exist.
	at com.example.springapp.SpringappApplicationTests.checkAnnotationExists(SpringappApplicationTests.java:224)
	at com.example.springapp.SpringappApplicationTests.testTreeRepoHasRepositoryAnnotation(SpringappApplicationTests.java:183)
</failure>
  </testcase>
  <testcase name="testTreeModelHasIdAnnotation" classname="com.example.springapp.SpringappApplicationTests" time="0.002">
    <failure message="Class com.example.springapp.model.Tree or annotation javax.persistence.Id does not exist." type="org.opentest4j.AssertionFailedError">org.opentest4j.AssertionFailedError: Class com.example.springapp.model.Tree or annotation javax.persistence.Id does not exist.
	at com.example.springapp.SpringappApplicationTests.checkAnnotationExists(SpringappApplicationTests.java:224)
	at com.example.springapp.SpringappApplicationTests.testTreeModelHasIdAnnotation(SpringappApplicationTests.java:178)
</failure>
  </testcase>
  <testcase name="testPostTree" classname="com.example.springapp.SpringappApplicationTests" time="0.004">
    <failure message="Status expected:&lt;200&gt; but was:&lt;404&gt;" type="java.lang.AssertionError"><![CDATA[java.lang.AssertionError: Status expected:<200> but was:<404>
	at com.example.springapp.SpringappApplicationTests.testPostTree(SpringappApplicationTests.java:41)
]]></failure>
    <system-out><![CDATA[
MockHttpServletRequest:
      HTTP Method = POST
      Request URI = /
       Parameters = {}
          Headers = [Content-Type:"application/json;charset=UTF-8", Accept:"application/json", Content-Length:"81"]
             Body = {"treeId": 1000,"treeName": "Demo", "usedfor": "coconut","treeLifetime": "20yrs"}
    Session Attrs = {}

Handler:
             Type = org.springframework.web.servlet.resource.ResourceHttpRequestHandler

Async:
    Async started = false
     Async result = null

Resolved Exception:
             Type = null

ModelAndView:
        View name = null
             View = null
            Model = null

FlashMap:
       Attributes = null

MockHttpServletResponse:
           Status = 404
    Error message = null
          Headers = [Vary:"Origin", "Access-Control-Request-Method", "Access-Control-Request-Headers"]
     Content type = null
             Body = 
    Forwarded URL = null
   Redirected URL = null
          Cookies = []
]]></system-out>
  </testcase>
  <testcase name="testTreeControllerHasDeleteMappingAnnotation" classname="com.example.springapp.SpringappApplicationTests" time="0.002">
    <failure message="Class com.example.springapp.controller.TreeController or annotation org.springframework.web.bind.annotation.DeleteMapping does not exist." type="org.opentest4j.AssertionFailedError">org.opentest4j.AssertionFailedError: Class com.example.springapp.controller.TreeController or annotation org.springframework.web.bind.annotation.DeleteMapping does not exist.
	at com.example.springapp.SpringappApplicationTests.checkAnnotationExists(SpringappApplicationTests.java:224)
	at com.example.springapp.SpringappApplicationTests.testTreeControllerHasDeleteMappingAnnotation(SpringappApplicationTests.java:168)
</failure>
  </testcase>
  <testcase name="testTreeControllerHasAutowiredField" classname="com.example.springapp.SpringappApplicationTests" time="0.002">
    <failure message="Field apiService in class com.example.springapp.controller.TreeController does not exist." type="org.opentest4j.AssertionFailedError">org.opentest4j.AssertionFailedError: Field apiService in class com.example.springapp.controller.TreeController does not exist.
	at com.example.springapp.SpringappApplicationTests.checkFieldExists(SpringappApplicationTests.java:204)
	at com.example.springapp.SpringappApplicationTests.testTreeControllerHasAutowiredField(SpringappApplicationTests.java:118)
</failure>
  </testcase>
  <testcase name="testTreeModelHasIdField" classname="com.example.springapp.SpringappApplicationTests" time="0.002">
    <failure message="Field treeId in class com.example.springapp.model.Tree does not exist." type="org.opentest4j.AssertionFailedError">org.opentest4j.AssertionFailedError: Field treeId in class com.example.springapp.model.Tree does not exist.
	at com.example.springapp.SpringappApplicationTests.checkFieldExists(SpringappApplicationTests.java:204)
	at com.example.springapp.SpringappApplicationTests.testTreeModelHasIdField(SpringappApplicationTests.java:123)
</failure>
  </testcase>
</testsuite>